[INFO ] 2017-08-06 17:27:35,536 method:com.nokia.oss.sdm.tools.dumi.context.ApplicationContext.Logger(ApplicationContext.java:63)
Processing file 'D:\Workspace\SVN\adaptations\com.nsn.hp.hphw\test\test.log'
[INFO ] 2017-08-06 17:27:35,692 method:com.nokia.oss.sdm.tools.dumi.inspector.PlainTextSpellingInspectTask.call(PlainTextSpellingInspectTask.java:41)
Processing is started in thread pool-2-thread-1
[INFO ] 2017-08-06 17:27:35,693 method:com.nokia.oss.sdm.tools.dumi.context.ApplicationContext.Logger(ApplicationContext.java:63)
Processing line0: 2016-11-16T07:25:00.467+0200 | (1,916,629) | 000003d2 | WorkManager.Scheduler WorkManager : 1 | INFO | com.nsn.oss.mpm.med.mmlexecutor.AsyncTaskExecutor. | 5 tasks submitted to executor service.	
[INFO ] 2017-08-06 17:27:35,719 method:com.nokia.oss.sdm.tools.dumi.inspector.PlainTextSpellingInspectTask.call(PlainTextSpellingInspectTask.java:41)
Processing is started in thread pool-2-thread-2
[INFO ] 2017-08-06 17:27:35,719 method:com.nokia.oss.sdm.tools.dumi.context.ApplicationContext.Logger(ApplicationContext.java:63)
Processing line1: 2016-11-14T12:45:00.604+0200 | (5,553,464) | 0000015d | WorkManager.Scheduler WorkManager : 1 | INFO | com.nsn.oss.mpm.deviationtab.DeviationHandler. | Judge and process alarm for deviation. Current ne name is: PLMN-MPM/MSC-3	
[INFO ] 2017-08-06 17:27:38,578 method:com.nokia.oss.sdm.tools.dumi.inspector.PlainTextSpellingInspector.doProcess(PlainTextSpellingInspector.java:66)
File processed successfully within 2 s
[INFO ] 2017-08-06 17:27:38,585 method:com.nokia.oss.sdm.tools.dumi.context.ApplicationContext.Logger(ApplicationContext.java:63)
Building report..
[INFO ] 2017-08-06 17:27:39,073 method:com.nokia.oss.sdm.tools.dumi.context.ApplicationContext.Logger(ApplicationContext.java:63)
Report file is created as 'dumiReport_20170806172738.html'
[INFO ] 2017-08-06 17:28:26,090 method:com.nokia.oss.sdm.tools.dumi.context.ApplicationContext.Logger(ApplicationContext.java:63)
Processing file 'D:\Workspace\SVN\adaptations\com.nsn.hp.hphw\test\test.log'
[INFO ] 2017-08-06 17:28:26,127 method:com.nokia.oss.sdm.tools.dumi.inspector.PlainTextSpellingInspectTask.call(PlainTextSpellingInspectTask.java:41)
Processing is started in thread pool-2-thread-1
[INFO ] 2017-08-06 17:28:26,127 method:com.nokia.oss.sdm.tools.dumi.context.ApplicationContext.Logger(ApplicationContext.java:63)
Processing line0: 2016-11-16T07:25:00.467+0200 | (1,916,629) | 000003d2 | WorkManager.Scheduler WorkManager : 1 | INFO | com.nsn.oss.mpm.med.mmlexecutor.AsyncTaskExecutor. | 5 tasks submitted to executor service.	
[INFO ] 2017-08-06 17:30:00,549 method:com.nokia.oss.sdm.tools.dumi.inspector.PlainTextSpellingInspector.doProcess(PlainTextSpellingInspector.java:66)
File processed successfully within 94 s
[INFO ] 2017-08-06 17:30:00,567 method:com.nokia.oss.sdm.tools.dumi.context.ApplicationContext.Logger(ApplicationContext.java:63)
Building report..
[INFO ] 2017-08-06 17:30:01,194 method:com.nokia.oss.sdm.tools.dumi.context.ApplicationContext.Logger(ApplicationContext.java:63)
Report file is created as 'dumiReport_20170806173000.html'
[INFO ] 2017-08-06 17:30:02,528 method:com.nokia.oss.sdm.tools.dumi.context.ApplicationContext.Logger(ApplicationContext.java:63)
Processing file 'D:\Workspace\SVN\adaptations\com.nsn.hp.hphw\test\test.log'
[INFO ] 2017-08-06 17:30:02,531 method:com.nokia.oss.sdm.tools.dumi.inspector.PlainTextSpellingInspectTask.call(PlainTextSpellingInspectTask.java:41)
Processing is started in thread pool-3-thread-1
[INFO ] 2017-08-06 17:30:02,532 method:com.nokia.oss.sdm.tools.dumi.context.ApplicationContext.Logger(ApplicationContext.java:63)
Processing line0: 2016-11-16T07:25:00.467+0200 | (1,916,629) | 000003d2 | WorkManager.Scheduler WorkManager : 1 | INFO | com.nsn.oss.mpm.med.mmlexecutor.AsyncTaskExecutor. | 5 tasks submitted to executor service.	
[INFO ] 2017-08-06 17:31:12,660 method:com.nokia.oss.sdm.tools.dumi.inspector.PlainTextSpellingInspector.doProcess(PlainTextSpellingInspector.java:66)
File processed successfully within 70 s
[INFO ] 2017-08-06 17:31:12,661 method:com.nokia.oss.sdm.tools.dumi.context.ApplicationContext.Logger(ApplicationContext.java:63)
Building report..
[INFO ] 2017-08-06 17:31:12,700 method:com.nokia.oss.sdm.tools.dumi.context.ApplicationContext.Logger(ApplicationContext.java:63)
Report file is created as 'dumiReport_20170806173112.html'
[INFO ] 2017-08-06 17:31:24,201 method:com.nokia.oss.sdm.tools.dumi.context.ApplicationContext.Logger(ApplicationContext.java:63)
Processing file 'D:\Workspace\SVN\adaptations\com.nsn.hp.hphw\test\test.log'
[INFO ] 2017-08-06 17:31:24,214 method:com.nokia.oss.sdm.tools.dumi.inspector.PlainTextSpellingInspectTask.call(PlainTextSpellingInspectTask.java:41)
Processing is started in thread pool-2-thread-1
[INFO ] 2017-08-06 17:31:24,215 method:com.nokia.oss.sdm.tools.dumi.context.ApplicationContext.Logger(ApplicationContext.java:63)
Processing line0: 2016-11-16T07:25:00.467+0200 | (1,916,629) | 000003d2 | WorkManager.Scheduler WorkManager : 1 | INFO | com.nsn.oss.mpm.med.mmlexecutor.AsyncTaskExecutor. | 5 tasks submitted to executor service.	
[INFO ] 2017-08-06 17:31:52,507 method:com.nokia.oss.sdm.tools.dumi.inspector.PlainTextSpellingInspector.doProcess(PlainTextSpellingInspector.java:66)
File processed successfully within 28 s
[INFO ] 2017-08-06 17:31:52,520 method:com.nokia.oss.sdm.tools.dumi.context.ApplicationContext.Logger(ApplicationContext.java:63)
Building report..
[INFO ] 2017-08-06 17:31:52,952 method:com.nokia.oss.sdm.tools.dumi.context.ApplicationContext.Logger(ApplicationContext.java:63)
Report file is created as 'dumiReport_20170806173152.html'
[INFO ] 2017-08-06 17:32:07,556 method:com.nokia.oss.sdm.tools.dumi.context.ApplicationContext.Logger(ApplicationContext.java:63)
Processing file 'D:\Workspace\SVN\adaptations\com.nsn.hp.hphw\test\test.log'
[INFO ] 2017-08-06 17:32:07,605 method:com.nokia.oss.sdm.tools.dumi.inspector.PlainTextSpellingInspectTask.call(PlainTextSpellingInspectTask.java:41)
Processing is started in thread pool-3-thread-1
[INFO ] 2017-08-06 17:32:07,608 method:com.nokia.oss.sdm.tools.dumi.context.ApplicationContext.Logger(ApplicationContext.java:63)
Processing line0: 2016-11-16T07:25:00.467+0200 | (1,916,629) | 000003d2 | WorkManager.Scheduler WorkManager : 1 | INFO | com.nsn.oss.mpm.med.mmlexecutor.AsyncTaskExecutor. | 5 tasks submitted to executor service.	
[INFO ] 2017-08-06 17:32:07,740 method:com.nokia.oss.sdm.tools.dumi.inspector.PlainTextSpellingInspector.doProcess(PlainTextSpellingInspector.java:66)
File processed successfully within 0 s
[INFO ] 2017-08-06 17:32:07,741 method:com.nokia.oss.sdm.tools.dumi.context.ApplicationContext.Logger(ApplicationContext.java:63)
Building report..
[INFO ] 2017-08-06 17:32:07,775 method:com.nokia.oss.sdm.tools.dumi.context.ApplicationContext.Logger(ApplicationContext.java:63)
Report file is created as 'dumiReport_20170806173207.html'
[INFO ] 2017-08-06 17:32:10,641 method:com.nokia.oss.sdm.tools.dumi.context.ApplicationContext.Logger(ApplicationContext.java:63)
Processing file 'D:\Workspace\SVN\adaptations\com.nsn.hp.hphw\test\test.log'
[INFO ] 2017-08-06 17:32:10,647 method:com.nokia.oss.sdm.tools.dumi.inspector.PlainTextSpellingInspectTask.call(PlainTextSpellingInspectTask.java:41)
Processing is started in thread pool-4-thread-1
[INFO ] 2017-08-06 17:32:10,647 method:com.nokia.oss.sdm.tools.dumi.context.ApplicationContext.Logger(ApplicationContext.java:63)
Processing line0: 2016-11-16T07:25:00.467+0200 | (1,916,629) | 000003d2 | WorkManager.Scheduler WorkManager : 1 | INFO | com.nsn.oss.mpm.med.mmlexecutor.AsyncTaskExecutor. | 5 tasks submitted to executor service.	
[INFO ] 2017-08-06 17:32:10,795 method:com.nokia.oss.sdm.tools.dumi.inspector.PlainTextSpellingInspector.doProcess(PlainTextSpellingInspector.java:66)
File processed successfully within 0 s
[INFO ] 2017-08-06 17:32:10,801 method:com.nokia.oss.sdm.tools.dumi.context.ApplicationContext.Logger(ApplicationContext.java:63)
Building report..
[INFO ] 2017-08-06 17:32:10,824 method:com.nokia.oss.sdm.tools.dumi.context.ApplicationContext.Logger(ApplicationContext.java:63)
Report file is created as 'dumiReport_20170806173210.html'
